0 info it worked if it ends with ok
1 verbose cli [ 'C:\\Program Files\\nodejs\\node.exe',
1 verbose cli   'C:\\Program Files\\nodejs\\node_modules\\npm\\bin\\npm-cli.js',
1 verbose cli   'run',
1 verbose cli   'serve' ]
2 info using npm@4.1.2
3 info using node@v7.6.0
4 verbose run-script [ 'preserve', 'serve', 'postserve' ]
5 info lifecycle badger@1.0.0~preserve: badger@1.0.0
6 silly lifecycle badger@1.0.0~preserve: no script for preserve, continuing
7 info lifecycle badger@1.0.0~serve: badger@1.0.0
8 verbose lifecycle badger@1.0.0~serve: unsafe-perm in lifecycle true
9 verbose lifecycle badger@1.0.0~serve: PATH: C:\Program Files\nodejs\node_modules\npm\bin\node-gyp-bin;c:\dev\git\jmweb\build\node_modules\.bin;C:\dev\Python\Python36\Scripts\;C:\dev\Python\Python36\;C:\Program Files (x86)\Microsoft SDKs\Azure\CLI2\wbin;C:\WINDOWS\system32;C:\WINDOWS;C:\WINDOWS\System32\Wbem;C:\WINDOWS\System32\WindowsPowerShell\v1.0\;C:\Program Files\Microsoft SQL Server\120\Tools\Binn\;C:\Program Files\Microsoft SQL Server\130\Tools\Binn\;C:\Program Files\Git\cmd;C:\Program Files\Microsoft\Web Platform Installer\;C:\ProgramData\chocolatey\bin;C:\Program Files (x86)\Skype\Phone\;C:\Program Files (x86)\Microsoft SQL Server\Client SDK\ODBC\130\Tools\Binn\;C:\Program Files (x86)\Microsoft SQL Server\130\Tools\Binn\;C:\Program Files (x86)\Microsoft SQL Server\130\DTS\Binn\;C:\Program Files (x86)\Microsoft SQL Server\130\Tools\Binn\ManagementStudio\;C:\Program Files\dotnet\;C:\Program Files\nodejs\;;C:\WINDOWS\System32\OpenSSH\;C:\dev\ruby\Ruby23-x64\bin;C:\Ruby200-x64\bin;C:\Users\mahon\.dnx\bin;C:\Program Files (x86)\Pandoc\;C:\Program Files (x86)\Scapple;C:\Program Files (x86)\Microsoft VS Code\bin;C:\Users\mahon\AppData\Local\Microsoft\WindowsApps;C:\Program Files (x86)\Sophos\Sophos SSL VPN Client\bin;C:\Users\mahon\AppData\Local\Programs\Fiddler;C:\Users\mahon\AppData\Roaming\npm;C:\Users\mahon\AppData\Roaming\Python\Python36\Scripts;;%USERPROFILE%\AppData\Local\Microsoft\WindowsApps
10 verbose lifecycle badger@1.0.0~serve: CWD: c:\dev\git\jmweb\build
11 silly lifecycle badger@1.0.0~serve: Args: [ '/d /s /c', 'nodemon ./previewHost/preview.js' ]
12 verbose stack Error: kill ENOSYS
12 verbose stack     at exports._errnoException (util.js:1028:11)
12 verbose stack     at process.kill (internal/process.js:173:13)
12 verbose stack     at process.listener (C:\Program Files\nodejs\node_modules\npm\node_modules\npmlog\node_modules\gauge\node_modules\signal-exit\index.js:95:15)
12 verbose stack     at emitNone (events.js:86:13)
12 verbose stack     at process.emit (events.js:186:7)
12 verbose stack     at processEmit (C:\Program Files\nodejs\node_modules\npm\node_modules\npmlog\node_modules\gauge\node_modules\signal-exit\index.js:155:32)
12 verbose stack     at Signal.wrap.onsignal (internal/process.js:200:44)
13 verbose cwd c:\dev\git\jmweb\build
14 error Windows_NT 10.0.17134
15 error argv "C:\\Program Files\\nodejs\\node.exe" "C:\\Program Files\\nodejs\\node_modules\\npm\\bin\\npm-cli.js" "run" "serve"
16 error node v7.6.0
17 error npm  v4.1.2
18 error code ENOSYS
19 error errno ENOSYS
20 error syscall kill
21 error kill ENOSYS
22 error If you need help, you may report this error at:
22 error     <https://github.com/npm/npm/issues>
23 verbose exit [ 1, true ]
